<?xml version="1.0" encoding="UTF-8"?>
<!-- Generated by org.testng.reporters.JUnitXMLReporter -->
<testsuite ignored="0" hostname="WINDOWS-UNR7VLH" failures="0" tests="5" name="Command line test" time="46.607" errors="0" timestamp="2022-11-03T16:49:22 IST">
  <testcase classname="testcases.PractoTest" name="loginTest" time="9.398"/>
  <testcase classname="testcases.PractoTest" name="locAndNavTest" time="8.913"/>
  <testcase classname="testcases.PractoTest" name="medicineTest" time="8.837"/>
  <testcase classname="testcases.PractoTest" name="addProductsTest" time="0.627"/>
  <testcase classname="testcases.PractoTest" name="viewCartTest" time="2.915"/>
</testsuite> <!-- Command line test -->
