<?xml version="1.0" encoding="UTF-8"?>
<!-- Generated by org.testng.reporters.JUnitXMLReporter -->
<testsuite ignored="0" hostname="WINDOWS-UNR7VLH" failures="0" tests="5" name="Command line test" time="47.893" errors="0" timestamp="2022-11-03T16:25:19 IST">
  <testcase classname="testcases.PractoTest" name="loginTest" time="9.485"/>
  <testcase classname="testcases.PractoTest" name="locAndNavTest" time="10.902"/>
  <testcase classname="testcases.PractoTest" name="medicineTest" time="7.788"/>
  <testcase classname="testcases.PractoTest" name="addProductsTest" time="0.533"/>
  <testcase classname="testcases.PractoTest" name="viewCartTest" time="3.373"/>
</testsuite> <!-- Command line test -->
