<?xml version="1.0" encoding="UTF-8"?>
<testng-results ignored="0" total="1" passed="1" failed="0" skipped="0">
  <reporter-output>
  </reporter-output>
  <suite started-at="2022-10-27T18:16:56 IST" name="Default suite" finished-at="2022-10-27T18:17:14 IST" duration-ms="17878">
    <groups>
    </groups>
    <test started-at="2022-10-27T18:16:56 IST" name="Default test" finished-at="2022-10-27T18:17:14 IST" duration-ms="17878">
      <class name="test1.SetLocation">
        <test-method is-config="true" signature="beforeTest()[pri:0, instance:test1.SetLocation@57a3af25]" started-at="2022-10-27T18:16:56 IST" name="beforeTest" finished-at="2022-10-27T18:17:06 IST" duration-ms="9556" status="PASS">
          <reporter-output>
          </reporter-output>
        </test-method> <!-- beforeTest -->
        <test-method signature="f()[pri:0, instance:test1.SetLocation@57a3af25]" started-at="2022-10-27T18:17:06 IST" name="f" finished-at="2022-10-27T18:17:14 IST" duration-ms="8158" status="PASS">
          <reporter-output>
          </reporter-output>
        </test-method> <!-- f -->
        <test-method is-config="true" signature="afterTest()[pri:0, instance:test1.SetLocation@57a3af25]" started-at="2022-10-27T18:17:14 IST" name="afterTest" finished-at="2022-10-27T18:17:14 IST" duration-ms="2" status="PASS">
          <reporter-output>
          </reporter-output>
        </test-method> <!-- afterTest -->
      </class> <!-- test1.SetLocation -->
    </test> <!-- Default test -->
  </suite> <!-- Default suite -->
</testng-results>
